e:\mine\師大資工所\學術會議_conference\2021cec_single objective bound constrained optimization competitions\cec2021-so-bco_mpml-shade\x64\release\cec2021-so-bco_mpml-shade.ipdb
e:\mine\師大資工所\學術會議_conference\2021cec_single objective bound constrained optimization competitions\cec2021-so-bco_mpml-shade\x64\release\cec2021-so-bco_mpml-shade.iobj
e:\mine\師大資工所\學術會議_conference\2021cec_single objective bound constrained optimization competitions\cec2021-so-bco_mpml-shade\x64\release\vc142.pdb
e:\mine\師大資工所\學術會議_conference\2021cec_single objective bound constrained optimization competitions\cec2021-so-bco_mpml-shade\x64\release\self_implement_functions.obj
e:\mine\師大資工所\學術會議_conference\2021cec_single objective bound constrained optimization competitions\cec2021-so-bco_mpml-shade\x64\release\problem_test_functions.obj
e:\mine\師大資工所\學術會議_conference\2021cec_single objective bound constrained optimization competitions\cec2021-so-bco_mpml-shade\x64\release\problem_set.obj
e:\mine\師大資工所\學術會議_conference\2021cec_single objective bound constrained optimization competitions\cec2021-so-bco_mpml-shade\x64\release\problem.obj
e:\mine\師大資工所\學術會議_conference\2021cec_single objective bound constrained optimization competitions\cec2021-so-bco_mpml-shade\x64\release\main.obj
e:\mine\師大資工所\學術會議_conference\2021cec_single objective bound constrained optimization competitions\cec2021-so-bco_mpml-shade\x64\release\experiment.obj
e:\mine\師大資工所\學術會議_conference\2021cec_single objective bound constrained optimization competitions\cec2021-so-bco_mpml-shade\x64\release\alg_result.obj
e:\mine\師大資工所\學術會議_conference\2021cec_single objective bound constrained optimization competitions\cec2021-so-bco_mpml-shade\x64\release\alg_mutation.obj
e:\mine\師大資工所\學術會議_conference\2021cec_single objective bound constrained optimization competitions\cec2021-so-bco_mpml-shade\x64\release\alg_mpml-shade.obj
e:\mine\師大資工所\學術會議_conference\2021cec_single objective bound constrained optimization competitions\cec2021-so-bco_mpml-shade\x64\release\alg_ml-shade.obj
e:\mine\師大資工所\學術會議_conference\2021cec_single objective bound constrained optimization competitions\cec2021-so-bco_mpml-shade\x64\release\alg_log.obj
e:\mine\師大資工所\學術會議_conference\2021cec_single objective bound constrained optimization competitions\cec2021-so-bco_mpml-shade\x64\release\alg_l-shade.obj
e:\mine\師大資工所\學術會議_conference\2021cec_single objective bound constrained optimization competitions\cec2021-so-bco_mpml-shade\x64\release\alg_initialization.obj
e:\mine\師大資工所\學術會議_conference\2021cec_single objective bound constrained optimization competitions\cec2021-so-bco_mpml-shade\x64\release\alg_individual.obj
e:\mine\師大資工所\學術會議_conference\2021cec_single objective bound constrained optimization competitions\cec2021-so-bco_mpml-shade\x64\release\alg_crossover.obj
e:\mine\師大資工所\學術會議_conference\2021cec_single objective bound constrained optimization competitions\cec2021-so-bco_mpml-shade\x64\release\cec2021-so-bco_mpml-shade.exe
e:\mine\師大資工所\學術會議_conference\2021cec_single objective bound constrained optimization competitions\cec2021-so-bco_mpml-shade\x64\release\cec2021-so-bco_mpml-shade.pdb
e:\mine\師大資工所\學術會議_conference\2021cec_single objective bound constrained optimization competitions\cec2021-so-bco_mpml-shade\x64\release\cec2021-.ae3553c9.tlog\cec2021-so-bco_mpml-shade.write.1u.tlog
e:\mine\師大資工所\學術會議_conference\2021cec_single objective bound constrained optimization competitions\cec2021-so-bco_mpml-shade\x64\release\cec2021-.ae3553c9.tlog\cl.command.1.tlog
e:\mine\師大資工所\學術會議_conference\2021cec_single objective bound constrained optimization competitions\cec2021-so-bco_mpml-shade\x64\release\cec2021-.ae3553c9.tlog\cl.read.1.tlog
e:\mine\師大資工所\學術會議_conference\2021cec_single objective bound constrained optimization competitions\cec2021-so-bco_mpml-shade\x64\release\cec2021-.ae3553c9.tlog\cl.write.1.tlog
e:\mine\師大資工所\學術會議_conference\2021cec_single objective bound constrained optimization competitions\cec2021-so-bco_mpml-shade\x64\release\cec2021-.ae3553c9.tlog\link.command.1.tlog
e:\mine\師大資工所\學術會議_conference\2021cec_single objective bound constrained optimization competitions\cec2021-so-bco_mpml-shade\x64\release\cec2021-.ae3553c9.tlog\link.read.1.tlog
e:\mine\師大資工所\學術會議_conference\2021cec_single objective bound constrained optimization competitions\cec2021-so-bco_mpml-shade\x64\release\cec2021-.ae3553c9.tlog\link.write.1.tlog
